pid 1742078 cycle DFFFEF08 1 Xmark ()
pid 1742078 cycle DFFFEF08 2 Xword () ()
pid 1742078 cycle DFFFEF08 4 Xassign ('*') ()
pid 1742078 cycle DFFFEF08 5 Xmark
pid 1742078 cycle DFFFEF08 6 Xmark ()
pid 1742078 cycle DFFFEF08 7 Xword () ()
pid 1742078 cycle DFFFEF08 9 Xdol ('*') ()
pid 1742078 cycle DFFFEF08 10 Xword ()
pid 1742078 cycle DFFFEF08 12 Xword (/rc/lib/rcmain)
pid 1742078 cycle DFFFEF08 14 Xsimple (. /rc/lib/rcmain)
pid 1742078 cycle 000187FC 1 Xmark (/rc/lib/rcmain) ()
pid 1742078 cycle 000187FC 2 Xword () (/rc/lib/rcmain) ()
pid 1742078 cycle 000187FC 4 Xlocal (0) (/rc/lib/rcmain) ()
pid 1742078 cycle 000187FC 5 Xmark ()
pid 1742078 cycle 000187FC 6 Xword () ()
pid 1742078 cycle 000187FC 8 Xlocal ('*') ()
pid 1742078 cycle 000187FC 9 Xrdcmds
pid 1742078 cycle 0001CBB0 1 Xreturn
pid 1742078 cycle 000187FC 9 Xrdcmds
pid 1742078 cycle 0001CFB0 1 Xmark
pid 1742078 cycle 0001CFB0 2 Xword ()
pid 1742078 cycle 0001CFB0 4 Xmark (0)
pid 1742078 cycle 0001CFB0 5 Xmark () (0)
pid 1742078 cycle 0001CFB0 6 Xword () () (0)
pid 1742078 cycle 0001CFB0 8 Xcount (home) () (0)
pid 1742078 cycle 0001CFB0 9 Xmatch (1) (0)
pid 1742078 cycle 0001CFB0 10 Xif
pid 1742078 cycle 0001CFB0 20 Xreturn
pid 1742078 cycle 000187FC 9 Xrdcmds
pid 1742078 cycle 0001CFD0 1 Xmark
pid 1742078 cycle 0001CFD0 2 Xword ()
pid 1742078 cycle 0001CFD0 4 Xmark (0)
pid 1742078 cycle 0001CFD0 5 Xmark () (0)
pid 1742078 cycle 0001CFD0 6 Xword () () (0)
pid 1742078 cycle 0001CFD0 8 Xcount (ifs) () (0)
pid 1742078 cycle 0001CFD0 9 Xmatch (1) (0)
pid 1742078 cycle 0001CFD0 10 Xif
pid 1742078 cycle 0001CFD0 20 Xreturn
pid 1742078 cycle 000187FC 9 Xrdcmds
pid 1742078 cycle 0001D9B0 1 Xmark
pid 1742078 cycle 0001D9B0 2 Xmark ()
pid 1742078 cycle 0001D9B0 3 Xword () ()
pid 1742078 cycle 0001D9B0 5 Xcount (prompt) ()
pid 1742078 cycle 0001D9B0 6 Xjump (2)
pid 1742078 cycle 0001D9B0 10 Xmark (2)
pid 1742078 cycle 0001D9B0 11 Xword () (2)
pid 1742078 cycle 0001D9B0 13 Xcase (0) (2)
pid 1742078 cycle 0001D9B0 26 Xmark (2)
pid 1742078 cycle 0001D9B0 27 Xword () (2)
pid 1742078 cycle 0001D9B0 29 Xcase (1) (2)
pid 1742078 cycle 0001D9B0 44 Xpopm (2)
pid 1742078 cycle 0001D9B0 45 Xreturn
pid 1742078 cycle 000187FC 9 Xrdcmds
pid 1742078 cycle 0001D190 1 Xmark
pid 1742078 cycle 0001D190 2 Xword ()
pid 1742078 cycle 0001D190 4 Xmark ('?.out')
pid 1742078 cycle 0001D190 5 Xmark () ('?.out')
pid 1742078 cycle 0001D190 6 Xword () () ('?.out')
pid 1742078 cycle 0001D190 8 Xdol (rcname) () ('?.out')
pid 1742078 cycle 0001D190 9 Xmatch (rc) ('?.out')
pid 1742078 cycle 0001D190 10 Xif
pid 1742078 cycle 0001D190 22 Xreturn
pid 1742078 cycle 000187FC 9 Xrdcmds
pid 1742078 cycle 0001CF70 1 Xmark
pid 1742078 cycle 0001CF70 2 Xword ()
pid 1742078 cycle 0001CF70 4 Xword (p)
pid 1742078 cycle 0001CF70 6 Xsimple (flag p)
pid 1742078 cycle 0001CF70 7 Xif
pid 1742078 cycle 0001CF70 17 Xreturn
pid 1742078 cycle 000187FC 9 Xrdcmds
pid 1742078 cycle 0001D490 1 Xifnot
pid 1742078 cycle 0001D490 3 Xmark
pid 1742078 cycle 0001D490 4 Xword ()
pid 1742078 cycle 0001D490 6 Xsimple (finit)
pid 1742078 cycle 00018834 1 Xrdfn
pid 1742078 cycle 000193F0 1 Xrdcmds
pid 1742078 cycle 0002FF10 1 Xmark
pid 1742078 cycle 0002FF10 2 Xword ()
pid 1742078 cycle 0002FF10 4 Xfn (l)
pid 1742078 cycle 0002FF10 31 Xreturn
pid 1742078 cycle 000193F0 1 Xrdcmds
pid 1742078 cycle 00018834 2 Xjump
pid 1742078 cycle 00018834 1 Xrdfn
pid 1742078 cycle 000193F0 1 Xrdcmds
pid 1742078 cycle 0001D070 1 Xmark
pid 1742078 cycle 0001D070 2 Xword ()
pid 1742078 cycle 0001D070 4 Xfn (log)
pid 1742078 cycle 0001D070 17 Xreturn
pid 1742078 cycle 000193F0 1 Xrdcmds
pid 1742078 cycle 00018834 2 Xjump
pid 1742078 cycle 00018834 1 Xrdfn
pid 1742078 cycle 000193F0 1 Xrdcmds
pid 1742078 cycle 000327F0 1 Xmark
pid 1742078 cycle 000327F0 2 Xword ()
pid 1742078 cycle 000327F0 4 Xfn (stg)
pid 1742078 cycle 000327F0 110 Xreturn
pid 1742078 cycle 000193F0 1 Xrdcmds
pid 1742078 cycle 00018834 2 Xjump
pid 1742078 cycle 00018834 1 Xrdfn
pid 1742078 cycle 000193F0 1 Xrdcmds
pid 1742078 cycle 00030850 1 Xmark
pid 1742078 cycle 00030850 2 Xword ()
pid 1742078 cycle 00030850 4 Xfn (photos)
pid 1742078 cycle 00030850 35 Xreturn
pid 1742078 cycle 000193F0 1 Xrdcmds
pid 1742078 cycle 00018834 2 Xjump
pid 1742078 cycle 00018834 1 Xrdfn
pid 1742078 cycle 000193F0 1 Xrdcmds
pid 1742078 cycle 00031B70 1 Xmark
pid 1742078 cycle 00031B70 2 Xword ()
pid 1742078 cycle 00031B70 4 Xfn (cd)
pid 1742078 cycle 00031B70 87 Xreturn
pid 1742078 cycle 000193F0 1 Xrdcmds
pid 1742078 cycle 00018834 2 Xjump
pid 1742078 cycle 00018834 1 Xrdfn
pid 1742078 cycle 000193F0 1 Xrdcmds
pid 1742078 cycle 0001CDD0 1 Xmark
pid 1742078 cycle 0001CDD0 2 Xword ()
pid 1742078 cycle 0001CDD0 4 Xfn (ll)
pid 1742078 cycle 0001CDD0 19 Xreturn
pid 1742078 cycle 000193F0 1 Xrdcmds
pid 1742078 cycle 00018834 2 Xjump
pid 1742078 cycle 00018834 1 Xrdfn
pid 1742078 cycle 000193F0 1 Xrdcmds
pid 1742078 cycle 00031EB0 1 Xmark
pid 1742078 cycle 00031EB0 2 Xword ()
pid 1742078 cycle 00031EB0 4 Xfn (←)
pid 1742078 cycle 00031EB0 15 Xreturn
pid 1742078 cycle 000193F0 1 Xrdcmds
pid 1742078 cycle 00018834 2 Xjump
pid 1742078 cycle 00018834 1 Xrdfn
pid 1742078 cycle 000193F0 1 Xrdcmds
pid 1742078 cycle 00030E10 1 Xmark
pid 1742078 cycle 00030E10 2 Xword ()
pid 1742078 cycle 00030E10 4 Xfn (→)
pid 1742078 cycle 00030E10 15 Xreturn
pid 1742078 cycle 000193F0 1 Xrdcmds
pid 1742078 cycle 00018834 2 Xjump
pid 1742078 cycle 00018834 1 Xrdfn
pid 1742078 cycle 000193F0 1 Xrdcmds
pid 1742078 cycle 00032DF0 1 Xmark
pid 1742078 cycle 00032DF0 2 Xword ()
pid 1742078 cycle 00032DF0 4 Xfn (make)
pid 1742078 cycle 00032DF0 49 Xreturn
pid 1742078 cycle 000193F0 1 Xrdcmds
pid 1742078 cycle 00018834 2 Xjump
pid 1742078 cycle 00018834 1 Xrdfn
pid 1742078 cycle 000193F0 1 Xrdcmds
pid 1742078 cycle 000302D0 1 Xmark
pid 1742078 cycle 000302D0 2 Xword ()
pid 1742078 cycle 000302D0 4 Xfn (koninck%)
pid 1742078 cycle 000302D0 15 Xreturn
pid 1742078 cycle 000193F0 1 Xrdcmds
pid 1742078 cycle 00018834 2 Xjump
pid 1742078 cycle 00018834 1 Xrdfn
pid 1742078 cycle 000193F0 1 Xrdcmds
pid 1742078 cycle 00037F70 1 Xmark
pid 1742078 cycle 00037F70 2 Xword ()
pid 1742078 cycle 00037F70 4 Xfn (startfactotum)
pid 1742078 cycle 00037F70 246 Xreturn
pid 1742078 cycle 000193F0 1 Xrdcmds
pid 1742078 cycle 00018834 2 Xjump
pid 1742078 cycle 00018834 1 Xrdfn
pid 1742078 cycle 000193F0 1 Xrdcmds
pid 1742078 cycle 00031430 1 Xmark
pid 1742078 cycle 00031430 2 Xword ()
pid 1742078 cycle 00031430 4 Xfn (startplumber)
pid 1742078 cycle 00031430 21 Xreturn
pid 1742078 cycle 000193F0 1 Xrdcmds
pid 1742078 cycle 00018834 2 Xjump
pid 1742078 cycle 00018834 1 Xrdfn
pid 1742078 cycle 000193F0 1 Xrdcmds
pid 1742078 cycle 00036BD0 1 Xmark
pid 1742078 cycle 00036BD0 2 Xword ()
pid 1742078 cycle 00036BD0 4 Xfn (startrecover)
pid 1742078 cycle 00036BD0 207 Xreturn
pid 1742078 cycle 000193F0 1 Xrdcmds
pid 1742078 cycle 00018834 2 Xjump
pid 1742078 cycle 00018834 1 Xrdfn
pid 1742078 cycle 000193F0 1 Xrdcmds
pid 1742078 cycle 00033C50 1 Xmark
pid 1742078 cycle 00033C50 2 Xword ()
pid 1742078 cycle 00033C50 4 Xfn (startpussyface)
pid 1742078 cycle 00033C50 73 Xreturn
pid 1742078 cycle 000193F0 1 Xrdcmds
pid 1742078 cycle 00018834 2 Xjump
pid 1742078 cycle 00018834 1 Xrdfn
pid 1742078 cycle 000193F0 1 Xrdcmds
pid 1742078 cycle 000354B0 1 Xmark
pid 1742078 cycle 000354B0 2 Xword ()
pid 1742078 cycle 000354B0 4 Xfn (execrio)
pid 1742078 cycle 000354B0 122 Xreturn
pid 1742078 cycle 000193F0 1 Xrdcmds
pid 1742078 cycle 00018834 2 Xjump
pid 1742078 cycle 00018834 1 Xrdfn
pid 1742078 cycle 0001D490 7 Xmark
pid 1742078 cycle 0001D490 8 Xword ()
pid 1742078 cycle 0001D490 10 Xmark (0)
pid 1742078 cycle 0001D490 11 Xmark () (0)
pid 1742078 cycle 0001D490 12 Xword () () (0)
pid 1742078 cycle 0001D490 14 Xcount (path) () (0)
pid 1742078 cycle 0001D490 15 Xmatch (3) (0)
pid 1742078 cycle 0001D490 16 Xif
pid 1742078 cycle 0001D490 28 Xreturn
pid 1742078 cycle 000187FC 9 Xrdcmds
pid 1742078 cycle 00030FD0 1 Xmark
pid 1742078 cycle 00030FD0 2 Xword ()
pid 1742078 cycle 00030FD0 4 Xdelfn (sigexit)
pid 1742078 cycle 00030FD0 5 Xreturn
pid 1742078 cycle 000187FC 9 Xrdcmds
pid 1742078 cycle 00034510 1 Xmark
pid 1742078 cycle 00034510 2 Xword ()
pid 1742078 cycle 00034510 4 Xmark (0)
pid 1742078 cycle 00034510 5 Xmark () (0)
pid 1742078 cycle 00034510 6 Xword () () (0)
pid 1742078 cycle 00034510 8 Xcount (cflag) () (0)
pid 1742078 cycle 00034510 9 Xmatch (1) (0)
pid 1742078 cycle 00034510 10 Xbang
pid 1742078 cycle 00034510 11 Xif
pid 1742078 cycle 00034510 13 Xmark
pid 1742078 cycle 00034510 14 Xword ()
pid 1742078 cycle 00034510 16 Xword (l)
pid 1742078 cycle 00034510 18 Xsimple (flag l)
pid 1742078 cycle 00034510 19 Xtrue
pid 1742078 cycle 00034510 31 Xif
pid 1742078 cycle 00034510 59 Xmark
pid 1742078 cycle 00034510 60 Xword ()
pid 1742078 cycle 00034510 62 Xword (l)
pid 1742078 cycle 00034510 64 Xsimple (flag l)
pid 1742078 cycle 00034510 65 Xtrue
pid 1742078 cycle 00034510 82 Xif
pid 1742078 cycle 00034510 98 Xmark
pid 1742078 cycle 00034510 99 Xword ()
pid 1742078 cycle 00034510 101 Xmark ('')
pid 1742078 cycle 00034510 102 Xword () ('')
pid 1742078 cycle 00034510 104 Xassign (status) ('')
pid 1742078 cycle 00034510 105 Xmark
pid 1742078 cycle 00034510 106 Xmark ()
pid 1742078 cycle 00034510 107 Xword () ()
pid 1742078 cycle 00034510 109 Xdol (cflag) ()
pid 1742078 cycle 00034510 110 Xword ('echo | cat')
pid 1742078 cycle 00034510 112 Xsimple (eval 'echo | cat')
pid 1742078 cycle 000193F0 1 Xrdcmds
pid 1742078 cycle 00033790 1 Xpipe
pid 1742079 cycle 00033790 6 Xmark
pid 1742078 cycle 00033790 11 Xmark
pid 1742079 cycle 00033790 7 Xword ()pid 1742078 cycle 00033790 12 
Xword ()pid 1742079 cycle 00033790 9 
Xsimple (echo)pid 1742078 cycle 00033790 14 
Xsimple (cat)

pid 1742078 cycle 00033790 15 Xreturn
pid 1742078 cycle 00033790 16 Xpipewait
pid 1742078 cycle 00033790 17 Xreturn
pid 1742078 cycle 000193F0 1 Xrdcmds
pid 1742078 cycle 00034510 113 Xwastrue
pid 1742078 cycle 00034510 114 Xreturn
pid 1742078 cycle 000187FC 9 Xrdcmds
pid 1742078 cycle 00038450 1 Xifnot
pid 1742078 cycle 00038450 133 Xreturn
pid 1742078 cycle 000187FC 9 Xrdcmds
pid 1742078 cycle 00030FD0 1 Xifnot
pid 1742078 cycle 00030FD0 21 Xreturn
pid 1742078 cycle 000187FC 9 Xrdcmds
pid 1742078 cycle 00030FD0 1 Xifnot
pid 1742078 cycle 00030FD0 18 Xreturn
pid 1742078 cycle 000187FC 9 Xrdcmds
pid 1742078 cycle 00030FD0 1 Xmark
pid 1742078 cycle 00030FD0 2 Xmark ()
pid 1742078 cycle 00030FD0 3 Xword () ()
pid 1742078 cycle 00030FD0 5 Xdol (status) ()
pid 1742078 cycle 00030FD0 6 Xword ('|')
pid 1742078 cycle 00030FD0 8 Xsimple (exit '|')
