pid 1769952 cycle DFFFEF00 1 Xmark ()
pid 1769952 cycle DFFFEF00 2 Xword () ()
pid 1769952 cycle DFFFEF00 4 Xassign ('*') ()
pid 1769952 cycle DFFFEF00 5 Xmark
pid 1769952 cycle DFFFEF00 6 Xmark ()
pid 1769952 cycle DFFFEF00 7 Xword () ()
pid 1769952 cycle DFFFEF00 9 Xdol ('*') ()
pid 1769952 cycle DFFFEF00 10 Xword ()
pid 1769952 cycle DFFFEF00 12 Xword (/rc/lib/rcmain)
pid 1769952 cycle DFFFEF00 14 Xsimple (. /rc/lib/rcmain)
pid 1769952 cycle 000187FC 1 Xmark (/rc/lib/rcmain) ()
pid 1769952 cycle 000187FC 2 Xword () (/rc/lib/rcmain) ()
pid 1769952 cycle 000187FC 4 Xlocal (0) (/rc/lib/rcmain) ()
pid 1769952 cycle 000187FC 5 Xmark ()
pid 1769952 cycle 000187FC 6 Xword () ()
pid 1769952 cycle 000187FC 8 Xlocal ('*') ()
pid 1769952 cycle 000187FC 9 Xrdcmds
pid 1769952 cycle 0001CBB0 1 Xreturn
pid 1769952 cycle 000187FC 9 Xrdcmds
pid 1769952 cycle 0001CFB0 1 Xmark
pid 1769952 cycle 0001CFB0 2 Xword ()
pid 1769952 cycle 0001CFB0 4 Xmark (0)
pid 1769952 cycle 0001CFB0 5 Xmark () (0)
pid 1769952 cycle 0001CFB0 6 Xword () () (0)
pid 1769952 cycle 0001CFB0 8 Xcount (home) () (0)
pid 1769952 cycle 0001CFB0 9 Xmatch (1) (0)
pid 1769952 cycle 0001CFB0 10 Xif
pid 1769952 cycle 0001CFB0 20 Xreturn
pid 1769952 cycle 000187FC 9 Xrdcmds
pid 1769952 cycle 0001CFD0 1 Xmark
pid 1769952 cycle 0001CFD0 2 Xword ()
pid 1769952 cycle 0001CFD0 4 Xmark (0)
pid 1769952 cycle 0001CFD0 5 Xmark () (0)
pid 1769952 cycle 0001CFD0 6 Xword () () (0)
pid 1769952 cycle 0001CFD0 8 Xcount (ifs) () (0)
pid 1769952 cycle 0001CFD0 9 Xmatch (1) (0)
pid 1769952 cycle 0001CFD0 10 Xif
pid 1769952 cycle 0001CFD0 20 Xreturn
pid 1769952 cycle 000187FC 9 Xrdcmds
pid 1769952 cycle 0001D9B0 1 Xmark
pid 1769952 cycle 0001D9B0 2 Xmark ()
pid 1769952 cycle 0001D9B0 3 Xword () ()
pid 1769952 cycle 0001D9B0 5 Xcount (prompt) ()
pid 1769952 cycle 0001D9B0 6 Xjump (2)
pid 1769952 cycle 0001D9B0 10 Xmark (2)
pid 1769952 cycle 0001D9B0 11 Xword () (2)
pid 1769952 cycle 0001D9B0 13 Xcase (0) (2)
pid 1769952 cycle 0001D9B0 26 Xmark (2)
pid 1769952 cycle 0001D9B0 27 Xword () (2)
pid 1769952 cycle 0001D9B0 29 Xcase (1) (2)
pid 1769952 cycle 0001D9B0 44 Xpopm (2)
pid 1769952 cycle 0001D9B0 45 Xreturn
pid 1769952 cycle 000187FC 9 Xrdcmds
pid 1769952 cycle 0001D1D0 1 Xmark
pid 1769952 cycle 0001D1D0 2 Xword ()
pid 1769952 cycle 0001D1D0 4 Xmark ('?.out')
pid 1769952 cycle 0001D1D0 5 Xmark () ('?.out')
pid 1769952 cycle 0001D1D0 6 Xword () () ('?.out')
pid 1769952 cycle 0001D1D0 8 Xdol (rcname) () ('?.out')
pid 1769952 cycle 0001D1D0 9 Xmatch (rc) ('?.out')
pid 1769952 cycle 0001D1D0 10 Xif
pid 1769952 cycle 0001D1D0 22 Xreturn
pid 1769952 cycle 000187FC 9 Xrdcmds
pid 1769952 cycle 0001CF90 1 Xmark
pid 1769952 cycle 0001CF90 2 Xword ()
pid 1769952 cycle 0001CF90 4 Xword (p)
pid 1769952 cycle 0001CF90 6 Xsimple (flag p)
pid 1769952 cycle 0001CF90 7 Xif
pid 1769952 cycle 0001CF90 17 Xreturn
pid 1769952 cycle 000187FC 9 Xrdcmds
pid 1769952 cycle 0001D490 1 Xifnot
pid 1769952 cycle 0001D490 3 Xmark
pid 1769952 cycle 0001D490 4 Xword ()
pid 1769952 cycle 0001D490 6 Xsimple (finit)
pid 1769952 cycle 00018834 1 Xrdfn
pid 1769952 cycle 000193F0 1 Xrdcmds
pid 1769952 cycle 0002FF10 1 Xmark
pid 1769952 cycle 0002FF10 2 Xword ()
pid 1769952 cycle 0002FF10 4 Xfn (l)
pid 1769952 cycle 0002FF10 31 Xreturn
pid 1769952 cycle 000193F0 1 Xrdcmds
pid 1769952 cycle 00018834 2 Xjump
pid 1769952 cycle 00018834 1 Xrdfn
pid 1769952 cycle 000193F0 1 Xrdcmds
pid 1769952 cycle 0001D0B0 1 Xmark
pid 1769952 cycle 0001D0B0 2 Xword ()
pid 1769952 cycle 0001D0B0 4 Xfn (log)
pid 1769952 cycle 0001D0B0 17 Xreturn
pid 1769952 cycle 000193F0 1 Xrdcmds
pid 1769952 cycle 00018834 2 Xjump
pid 1769952 cycle 00018834 1 Xrdfn
pid 1769952 cycle 000193F0 1 Xrdcmds
pid 1769952 cycle 000327F0 1 Xmark
pid 1769952 cycle 000327F0 2 Xword ()
pid 1769952 cycle 000327F0 4 Xfn (stg)
pid 1769952 cycle 000327F0 110 Xreturn
pid 1769952 cycle 000193F0 1 Xrdcmds
pid 1769952 cycle 00018834 2 Xjump
pid 1769952 cycle 00018834 1 Xrdfn
pid 1769952 cycle 000193F0 1 Xrdcmds
pid 1769952 cycle 00030910 1 Xmark
pid 1769952 cycle 00030910 2 Xword ()
pid 1769952 cycle 00030910 4 Xfn (photos)
pid 1769952 cycle 00030910 35 Xreturn
pid 1769952 cycle 000193F0 1 Xrdcmds
pid 1769952 cycle 00018834 2 Xjump
pid 1769952 cycle 00018834 1 Xrdfn
pid 1769952 cycle 000193F0 1 Xrdcmds
pid 1769952 cycle 00031E90 1 Xmark
pid 1769952 cycle 00031E90 2 Xword ()
pid 1769952 cycle 00031E90 4 Xfn (cd)
pid 1769952 cycle 00031E90 87 Xreturn
pid 1769952 cycle 000193F0 1 Xrdcmds
pid 1769952 cycle 00018834 2 Xjump
pid 1769952 cycle 00018834 1 Xrdfn
pid 1769952 cycle 000193F0 1 Xrdcmds
pid 1769952 cycle 0001CE10 1 Xmark
pid 1769952 cycle 0001CE10 2 Xword ()
pid 1769952 cycle 0001CE10 4 Xfn (ll)
pid 1769952 cycle 0001CE10 19 Xreturn
pid 1769952 cycle 000193F0 1 Xrdcmds
pid 1769952 cycle 00018834 2 Xjump
pid 1769952 cycle 00018834 1 Xrdfn
pid 1769952 cycle 000193F0 1 Xrdcmds
pid 1769952 cycle 00030E10 1 Xmark
pid 1769952 cycle 00030E10 2 Xword ()
pid 1769952 cycle 00030E10 4 Xfn (←)
pid 1769952 cycle 00030E10 15 Xreturn
pid 1769952 cycle 000193F0 1 Xrdcmds
pid 1769952 cycle 00018834 2 Xjump
pid 1769952 cycle 00018834 1 Xrdfn
pid 1769952 cycle 000193F0 1 Xrdcmds
pid 1769952 cycle 00030FD0 1 Xmark
pid 1769952 cycle 00030FD0 2 Xword ()
pid 1769952 cycle 00030FD0 4 Xfn (→)
pid 1769952 cycle 00030FD0 15 Xreturn
pid 1769952 cycle 000193F0 1 Xrdcmds
pid 1769952 cycle 00018834 2 Xjump
pid 1769952 cycle 00018834 1 Xrdfn
pid 1769952 cycle 000193F0 1 Xrdcmds
pid 1769952 cycle 00032D70 1 Xmark
pid 1769952 cycle 00032D70 2 Xword ()
pid 1769952 cycle 00032D70 4 Xfn (make)
pid 1769952 cycle 00032D70 49 Xreturn
pid 1769952 cycle 000193F0 1 Xrdcmds
pid 1769952 cycle 00018834 2 Xjump
pid 1769952 cycle 00018834 1 Xrdfn
pid 1769952 cycle 000193F0 1 Xrdcmds
pid 1769952 cycle 000311F0 1 Xmark
pid 1769952 cycle 000311F0 2 Xword ()
pid 1769952 cycle 000311F0 4 Xfn (koninck%)
pid 1769952 cycle 000311F0 15 Xreturn
pid 1769952 cycle 000193F0 1 Xrdcmds
pid 1769952 cycle 00018834 2 Xjump
pid 1769952 cycle 00018834 1 Xrdfn
pid 1769952 cycle 000193F0 1 Xrdcmds
pid 1769952 cycle 00037F50 1 Xmark
pid 1769952 cycle 00037F50 2 Xword ()
pid 1769952 cycle 00037F50 4 Xfn (startfactotum)
pid 1769952 cycle 00037F50 246 Xreturn
pid 1769952 cycle 000193F0 1 Xrdcmds
pid 1769952 cycle 00018834 2 Xjump
pid 1769952 cycle 00018834 1 Xrdfn
pid 1769952 cycle 000193F0 1 Xrdcmds
pid 1769952 cycle 00031630 1 Xmark
pid 1769952 cycle 00031630 2 Xword ()
pid 1769952 cycle 00031630 4 Xfn (startplumber)
pid 1769952 cycle 00031630 21 Xreturn
pid 1769952 cycle 000193F0 1 Xrdcmds
pid 1769952 cycle 00018834 2 Xjump
pid 1769952 cycle 00018834 1 Xrdfn
pid 1769952 cycle 000193F0 1 Xrdcmds
pid 1769952 cycle 00036C10 1 Xmark
pid 1769952 cycle 00036C10 2 Xword ()
pid 1769952 cycle 00036C10 4 Xfn (startrecover)
pid 1769952 cycle 00036C10 207 Xreturn
pid 1769952 cycle 000193F0 1 Xrdcmds
pid 1769952 cycle 00018834 2 Xjump
pid 1769952 cycle 00018834 1 Xrdfn
pid 1769952 cycle 000193F0 1 Xrdcmds
pid 1769952 cycle 00033D90 1 Xmark
pid 1769952 cycle 00033D90 2 Xword ()
pid 1769952 cycle 00033D90 4 Xfn (startpussyface)
pid 1769952 cycle 00033D90 73 Xreturn
pid 1769952 cycle 000193F0 1 Xrdcmds
pid 1769952 cycle 00018834 2 Xjump
pid 1769952 cycle 00018834 1 Xrdfn
pid 1769952 cycle 000193F0 1 Xrdcmds
pid 1769952 cycle 000354F0 1 Xmark
pid 1769952 cycle 000354F0 2 Xword ()
pid 1769952 cycle 000354F0 4 Xfn (execrio)
pid 1769952 cycle 000354F0 122 Xreturn
pid 1769952 cycle 000193F0 1 Xrdcmds
pid 1769952 cycle 00018834 2 Xjump
pid 1769952 cycle 00018834 1 Xrdfn
pid 1769952 cycle 0001D490 7 Xmark
pid 1769952 cycle 0001D490 8 Xword ()
pid 1769952 cycle 0001D490 10 Xmark (0)
pid 1769952 cycle 0001D490 11 Xmark () (0)
pid 1769952 cycle 0001D490 12 Xword () () (0)
pid 1769952 cycle 0001D490 14 Xcount (path) () (0)
pid 1769952 cycle 0001D490 15 Xmatch (3) (0)
pid 1769952 cycle 0001D490 16 Xif
pid 1769952 cycle 0001D490 28 Xreturn
pid 1769952 cycle 000187FC 9 Xrdcmds
pid 1769952 cycle 000302D0 1 Xmark
pid 1769952 cycle 000302D0 2 Xword ()
pid 1769952 cycle 000302D0 4 Xdelfn (sigexit)
pid 1769952 cycle 000302D0 5 Xreturn
pid 1769952 cycle 000187FC 9 Xrdcmds
pid 1769952 cycle 00034650 1 Xmark
pid 1769952 cycle 00034650 2 Xword ()
pid 1769952 cycle 00034650 4 Xmark (0)
pid 1769952 cycle 00034650 5 Xmark () (0)
pid 1769952 cycle 00034650 6 Xword () () (0)
pid 1769952 cycle 00034650 8 Xcount (cflag) () (0)
pid 1769952 cycle 00034650 9 Xmatch (1) (0)
pid 1769952 cycle 00034650 10 Xbang
pid 1769952 cycle 00034650 11 Xif
pid 1769952 cycle 00034650 13 Xmark
pid 1769952 cycle 00034650 14 Xword ()
pid 1769952 cycle 00034650 16 Xword (l)
pid 1769952 cycle 00034650 18 Xsimple (flag l)
pid 1769952 cycle 00034650 19 Xtrue
pid 1769952 cycle 00034650 31 Xif
pid 1769952 cycle 00034650 59 Xmark
pid 1769952 cycle 00034650 60 Xword ()
pid 1769952 cycle 00034650 62 Xword (l)
pid 1769952 cycle 00034650 64 Xsimple (flag l)
pid 1769952 cycle 00034650 65 Xtrue
pid 1769952 cycle 00034650 82 Xif
pid 1769952 cycle 00034650 98 Xmark
pid 1769952 cycle 00034650 99 Xword ()
pid 1769952 cycle 00034650 101 Xmark ('')
pid 1769952 cycle 00034650 102 Xword () ('')
pid 1769952 cycle 00034650 104 Xassign (status) ('')
pid 1769952 cycle 00034650 105 Xmark
pid 1769952 cycle 00034650 106 Xmark ()
pid 1769952 cycle 00034650 107 Xword () ()
pid 1769952 cycle 00034650 109 Xdol (cflag) ()
pid 1769952 cycle 00034650 110 Xword ('echo hello word')
pid 1769952 cycle 00034650 112 Xsimple (eval 'echo hello word')
pid 1769952 cycle 000193F0 1 Xrdcmds
pid 1769952 cycle 00033890 1 Xmark
pid 1769952 cycle 00033890 2 Xword ()
pid 1769952 cycle 00033890 4 Xword (word)
pid 1769952 cycle 00033890 6 Xword (hello word)
pid 1769952 cycle 00033890 8 Xsimple (echo hello word)
hello word
pid 1769952 cycle 00033890 9 Xreturn
pid 1769952 cycle 000193F0 1 Xrdcmds
pid 1769952 cycle 00034650 113 Xwastrue
pid 1769952 cycle 00034650 114 Xreturn
pid 1769952 cycle 000187FC 9 Xrdcmds
pid 1769952 cycle 000384B0 1 Xifnot
pid 1769952 cycle 000384B0 133 Xreturn
pid 1769952 cycle 000187FC 9 Xrdcmds
pid 1769952 cycle 000302D0 1 Xifnot
pid 1769952 cycle 000302D0 21 Xreturn
pid 1769952 cycle 000187FC 9 Xrdcmds
pid 1769952 cycle 000302D0 1 Xifnot
pid 1769952 cycle 000302D0 18 Xreturn
pid 1769952 cycle 000187FC 9 Xrdcmds
pid 1769952 cycle 000302D0 1 Xmark
pid 1769952 cycle 000302D0 2 Xmark ()
pid 1769952 cycle 000302D0 3 Xword () ()
pid 1769952 cycle 000302D0 5 Xdol (status) ()
pid 1769952 cycle 000302D0 6 Xword ('')
pid 1769952 cycle 000302D0 8 Xsimple (exit '')
